2025-08-17T21:33:08+02:00 | SET todo:0aff58f0-909d-4ff3-b365-affe390347b7 {"id":"0aff58f0-909d-4ff3-b365-affe390347b7","userId":"716263784481685535","description":"test","dueDate":"2025-08-21T00:00:00Z","labels":["Work"],"isCompleted":false,"createdAt":"2025-08-17T21:33:08.0406808+02:00","completedAt":null,"priority":0}
2025-08-17T21:33:08+02:00 | SADD user:716263784481685535:todos 0aff58f0-909d-4ff3-b365-affe390347b7
2025-08-19T19:48:37+02:00 | SMEMBERS user:716263784481685535:todos 
2025-08-19T19:48:54+02:00 | SMEMBERS user:716263784481685535:todos 
2025-08-19T19:48:54+02:00 | SMEMBERS user:716263784481685535:todos 
2025-08-19T19:48:55+02:00 | SMEMBERS user:716263784481685535:todos 
2025-08-19T19:48:55+02:00 | SMEMBERS user:716263784481685535:todos 
2025-08-19T19:48:56+02:00 | SMEMBERS user:716263784481685535:todos 
2025-08-19T19:48:56+02:00 | SMEMBERS user:716263784481685535:todos 
2025-08-19T19:48:56+02:00 | SMEMBERS user:716263784481685535:todos 
2025-08-19T19:49:44+02:00 | SMEMBERS user:716263784481685535:todos 
2025-08-19T19:49:45+02:00 | SMEMBERS user:716263784481685535:todos 
2025-08-19T19:51:08+02:00 | SMEMBERS user:716263784481685535:todos 
2025-08-19T20:01:36+02:00 | SMEMBERS user:716263784481685535:todos 
2025-08-19T20:03:48+02:00 | SMEMBERS user:716263784481685535:todos 
2025-08-19T20:03:49+02:00 | SMEMBERS user:716263784481685535:todos 
2025-08-19T20:05:07+02:00 | SMEMBERS user:716263784481685535:todos 
2025-08-19T20:06:06+02:00 | SMEMBERS user:716263784481685535:todos 
2025-08-19T20:06:08+02:00 | SMEMBERS user:716263784481685535:todos 
2025-08-19T20:07:11+02:00 | SMEMBERS user:716263784481685535:todos 
2025-08-19T20:17:38+02:00 | SMEMBERS user:716263784481685535:todos 
2025-08-19T20:17:39+02:00 | SMEMBERS user:716263784481685535:todos 
2025-08-19T20:18:24+02:00 | SMEMBERS user:716263784481685535:todos 
2025-08-19T20:18:25+02:00 | SMEMBERS user:716263784481685535:todos 
2025-08-19T20:18:25+02:00 | SMEMBERS user:716263784481685535:todos 
2025-08-19T20:18:49+02:00 | SMEMBERS user:716263784481685535:todos 
2025-08-19T20:18:50+02:00 | SMEMBERS user:716263784481685535:todos 
2025-08-19T20:18:51+02:00 | SMEMBERS user:716263784481685535:todos 
2025-08-19T20:18:57+02:00 | SMEMBERS user:716263784481685535:todos 
2025-08-19T20:18:58+02:00 | SMEMBERS user:716263784481685535:todos 
2025-08-19T20:18:58+02:00 | SMEMBERS user:716263784481685535:todos 
2025-08-19T20:18:59+02:00 | SMEMBERS user:716263784481685535:todos 
2025-08-19T20:18:59+02:00 | SMEMBERS user:716263784481685535:todos 
2025-08-19T20:18:59+02:00 | SMEMBERS user:716263784481685535:todos 
2025-08-19T20:18:59+02:00 | SMEMBERS user:716263784481685535:todos 
2025-08-19T20:19:00+02:00 | SMEMBERS user:716263784481685535:todos 
2025-08-19T20:19:00+02:00 | SMEMBERS user:716263784481685535:todos 
2025-08-19T20:20:04+02:00 | SMEMBERS user:716263784481685535:todos 
2025-08-19T20:20:06+02:00 | SMEMBERS user:716263784481685535:todos 
2025-08-19T20:20:57+02:00 | SMEMBERS user:716263784481685535:todos 
2025-08-19T20:20:59+02:00 | SMEMBERS user:716263784481685535:todos 
2025-08-19T20:22:23+02:00 | SMEMBERS user:716263784481685535:todos 
2025-08-19T20:22:58+02:00 | SMEMBERS user:716263784481685535:todos 
2025-08-19T20:27:34+02:00 | SMEMBERS user:716263784481685535:todos 
2025-08-19T20:33:05+02:00 | SET todo:43782d8b-9630-40f5-bec6-25e868c623eb {"id":"43782d8b-9630-40f5-bec6-25e868c623eb","userId":"716263784481685535","description":"Test","dueDate":"2025-08-28T00:00:00Z","labels":["Work"],"isCompleted":false,"createdAt":"2025-08-19T20:33:05.6170423+02:00","completedAt":null,"priority":4}
2025-08-19T20:33:05+02:00 | SADD user:716263784481685535:todos 43782d8b-9630-40f5-bec6-25e868c623eb
2025-08-19T20:33:09+02:00 | SMEMBERS user:716263784481685535:todos 
2025-08-19T20:45:14+02:00 | SET todo:faad7ff3-50f1-4481-a7d4-8e05bf12e342 {"id":"faad7ff3-50f1-4481-a7d4-8e05bf12e342","userId":"716263784481685535","description":"Descriptive enough right?","dueDate":"2025-08-24T00:00:00Z","labels":["Urgent"],"isCompleted":false,"createdAt":"2025-08-19T20:45:14.9124562+02:00","completedAt":null,"priority":2}
2025-08-19T20:45:14+02:00 | SADD user:716263784481685535:todos faad7ff3-50f1-4481-a7d4-8e05bf12e342
2025-08-19T20:45:17+02:00 | SMEMBERS user:716263784481685535:todos 
2025-08-19T21:00:24+02:00 | SMEMBERS user:716263784481685535:todos 
2025-08-19T21:00:25+02:00 | SMEMBERS user:716263784481685535:todos 
2025-08-19T21:00:42+02:00 | SMEMBERS user:716263784481685535:todos 
2025-08-19T21:00:42+02:00 | SMEMBERS user:716263784481685535:todos 
2025-08-19T21:00:43+02:00 | SMEMBERS user:716263784481685535:todos 
2025-08-19T21:01:40+02:00 | SMEMBERS user:716263784481685535:todos 
2025-08-19T21:01:41+02:00 | SMEMBERS user:716263784481685535:todos 
2025-08-19T21:01:41+02:00 | SMEMBERS user:716263784481685535:todos 
2025-08-19T21:01:42+02:00 | SMEMBERS user:716263784481685535:todos 
2025-08-19T21:01:42+02:00 | SMEMBERS user:716263784481685535:todos 
2025-08-19T21:01:42+02:00 | SMEMBERS user:716263784481685535:todos 
2025-08-19T21:01:45+02:00 | SMEMBERS user:716263784481685535:todos 
2025-08-19T21:01:46+02:00 | SMEMBERS user:716263784481685535:todos 
2025-08-19T21:05:20+02:00 | SMEMBERS user:716263784481685535:todos 
2025-08-19T21:05:44+02:00 | SMEMBERS user:716263784481685535:todos 
2025-08-19T21:06:34+02:00 | SMEMBERS user:716263784481685535:todos 
2025-08-19T21:06:36+02:00 | SMEMBERS user:716263784481685535:todos 
2025-08-19T21:06:36+02:00 | SMEMBERS user:716263784481685535:todos 
2025-08-19T21:06:37+02:00 | SMEMBERS user:716263784481685535:todos 
2025-08-19T21:08:26+02:00 | SMEMBERS user:716263784481685535:todos 
2025-08-19T21:08:29+02:00 | SMEMBERS user:716263784481685535:todos 
2025-08-19T21:08:30+02:00 | SMEMBERS user:716263784481685535:todos 
2025-08-19T21:09:23+02:00 | SMEMBERS user:716263784481685535:todos 
2025-08-19T21:10:25+02:00 | SMEMBERS user:716263784481685535:todos 
2025-08-19T21:10:45+02:00 | SMEMBERS user:716263784481685535:todos 
2025-08-19T21:12:15+02:00 | SMEMBERS user:716263784481685535:todos 
2025-08-19T21:12:21+02:00 | SMEMBERS user:716263784481685535:todos 
2025-08-19T21:12:21+02:00 | SMEMBERS user:716263784481685535:todos 
2025-08-19T21:13:14+02:00 | SMEMBERS user:716263784481685535:todos 
2025-08-19T21:13:15+02:00 | SMEMBERS user:716263784481685535:todos 
2025-08-19T21:13:16+02:00 | SMEMBERS user:716263784481685535:todos 
2025-08-19T21:13:16+02:00 | SMEMBERS user:716263784481685535:todos 
2025-08-19T21:13:16+02:00 | SMEMBERS user:716263784481685535:todos 
2025-08-19T21:13:17+02:00 | SMEMBERS user:716263784481685535:todos 
2025-08-19T21:13:17+02:00 | SMEMBERS user:716263784481685535:todos 
2025-08-19T21:13:17+02:00 | SMEMBERS user:716263784481685535:todos 
2025-08-19T21:14:25+02:00 | SMEMBERS user:716263784481685535:todos 
2025-08-19T21:14:26+02:00 | SMEMBERS user:716263784481685535:todos 
2025-08-19T21:15:42+02:00 | SMEMBERS user:716263784481685535:todos 
2025-08-19T21:15:43+02:00 | SMEMBERS user:716263784481685535:todos 
2025-08-19T21:15:46+02:00 | SMEMBERS user:716263784481685535:todos 
2025-08-19T21:15:46+02:00 | SMEMBERS user:716263784481685535:todos 
2025-08-19T21:15:46+02:00 | SMEMBERS user:716263784481685535:todos 
2025-08-19T21:15:46+02:00 | SMEMBERS user:716263784481685535:todos 
2025-08-19T21:15:46+02:00 | SMEMBERS user:716263784481685535:todos 
2025-08-19T21:15:47+02:00 | SMEMBERS user:716263784481685535:todos 
2025-08-19T21:15:47+02:00 | SMEMBERS user:716263784481685535:todos 
2025-08-19T21:15:47+02:00 | SMEMBERS user:716263784481685535:todos 
2025-08-19T21:15:47+02:00 | SMEMBERS user:716263784481685535:todos 
2025-08-19T21:15:48+02:00 | SMEMBERS user:716263784481685535:todos 
2025-08-19T21:15:48+02:00 | SMEMBERS user:716263784481685535:todos 
2025-08-19T21:15:48+02:00 | SMEMBERS user:716263784481685535:todos 
2025-08-19T21:15:49+02:00 | SMEMBERS user:716263784481685535:todos 
2025-08-19T21:15:49+02:00 | SMEMBERS user:716263784481685535:todos 
2025-08-19T21:15:49+02:00 | SMEMBERS user:716263784481685535:todos 
2025-08-19T21:15:49+02:00 | SMEMBERS user:716263784481685535:todos 
2025-08-19T21:15:49+02:00 | SMEMBERS user:716263784481685535:todos 
2025-08-19T21:15:49+02:00 | SMEMBERS user:716263784481685535:todos 
2025-08-19T21:15:50+02:00 | SMEMBERS user:716263784481685535:todos 
2025-08-19T21:15:50+02:00 | SMEMBERS user:716263784481685535:todos 
2025-08-19T21:15:50+02:00 | SMEMBERS user:716263784481685535:todos 
2025-08-19T21:15:50+02:00 | SMEMBERS user:716263784481685535:todos 
2025-08-19T21:15:50+02:00 | SMEMBERS user:716263784481685535:todos 
2025-08-19T21:15:50+02:00 | SMEMBERS user:716263784481685535:todos 
2025-08-19T21:15:50+02:00 | SMEMBERS user:716263784481685535:todos 
2025-08-19T21:15:51+02:00 | SMEMBERS user:716263784481685535:todos 
2025-08-19T21:15:51+02:00 | SMEMBERS user:716263784481685535:todos 
2025-08-19T21:15:51+02:00 | SMEMBERS user:716263784481685535:todos 
2025-08-19T21:15:51+02:00 | SMEMBERS user:716263784481685535:todos 
2025-08-19T21:15:51+02:00 | SMEMBERS user:716263784481685535:todos 
2025-08-19T21:18:24+02:00 | SMEMBERS user:716263784481685535:todos 
2025-08-19T21:18:25+02:00 | SMEMBERS user:716263784481685535:todos 
2025-08-19T21:19:07+02:00 | SMEMBERS user:716263784481685535:todos 
2025-08-19T21:19:08+02:00 | SMEMBERS user:716263784481685535:todos 
2025-08-19T21:19:09+02:00 | SMEMBERS user:716263784481685535:todos 
2025-08-19T21:19:32+02:00 | SMEMBERS user:716263784481685535:todos 
2025-08-19T21:19:32+02:00 | SMEMBERS user:716263784481685535:todos 
2025-08-19T21:19:33+02:00 | SMEMBERS user:716263784481685535:todos 
2025-08-20T23:45:25+02:00 | SMEMBERS user:716263784481685535:todos 
2025-08-20T23:45:26+02:00 | SMEMBERS user:716263784481685535:todos 
2025-08-20T23:51:39+02:00 | SMEMBERS user:716263784481685535:todos 
2025-08-20T23:53:29+02:00 | SMEMBERS user:716263784481685535:todos 
2025-08-20T23:53:30+02:00 | SMEMBERS user:716263784481685535:todos 
2025-08-20T23:54:07+02:00 | SMEMBERS user:716263784481685535:todos 
2025-08-20T23:54:09+02:00 | SMEMBERS user:716263784481685535:todos 
2025-08-20T23:54:37+02:00 | SMEMBERS user:716263784481685535:todos 
2025-08-20T23:54:41+02:00 | SMEMBERS user:716263784481685535:todos 
2025-08-20T23:54:50+02:00 | SMEMBERS user:716263784481685535:todos 
2025-08-20T23:54:50+02:00 | SMEMBERS user:716263784481685535:todos 
2025-08-20T23:54:51+02:00 | SMEMBERS user:716263784481685535:todos 
2025-08-20T23:54:51+02:00 | SMEMBERS user:716263784481685535:todos 
2025-08-20T23:54:52+02:00 | SMEMBERS user:716263784481685535:todos 
2025-08-20T23:57:13+02:00 | SMEMBERS user:716263784481685535:todos 
2025-08-20T23:57:15+02:00 | SREM user:716263784481685535:todos [0aff58f0-909d-4ff3-b365-affe390347b7]
2025-08-20T23:57:16+02:00 | SMEMBERS user:716263784481685535:todos 
2025-08-20T23:57:17+02:00 | SMEMBERS user:716263784481685535:todos 
2025-08-20T23:57:26+02:00 | SMEMBERS user:716263784481685535:todos 
2025-08-20T23:57:26+02:00 | SMEMBERS user:716263784481685535:todos 
2025-08-20T23:57:27+02:00 | SMEMBERS user:716263784481685535:todos 
2025-08-20T23:57:29+02:00 | SREM user:716263784481685535:todos [faad7ff3-50f1-4481-a7d4-8e05bf12e342]
2025-08-20T23:57:30+02:00 | SMEMBERS user:716263784481685535:todos 
2025-08-20T23:57:37+02:00 | SMEMBERS user:716263784481685535:todos 
2025-08-20T23:57:38+02:00 | SMEMBERS user:716263784481685535:todos 
2025-08-20T23:58:21+02:00 | SMEMBERS user:716263784481685535:todos 
2025-08-20T23:58:24+02:00 | SREM user:716263784481685535:todos [43782d8b-9630-40f5-bec6-25e868c623eb]
2025-08-20T23:58:26+02:00 | SMEMBERS user:716263784481685535:todos 
2025-08-20T23:58:26+02:00 | SMEMBERS user:716263784481685535:todos 
2025-08-20T23:58:26+02:00 | SMEMBERS user:716263784481685535:todos 
2025-08-20T23:58:27+02:00 | SMEMBERS user:716263784481685535:todos 
2025-08-20T23:58:27+02:00 | SMEMBERS user:716263784481685535:todos 
2025-08-20T23:58:32+02:00 | SET todo:8062f188-5ad0-476a-8bcd-14261154c6c6 {"id":"8062f188-5ad0-476a-8bcd-14261154c6c6","userId":"716263784481685535","description":"TODO","dueDate":"0001-01-01T00:00:00Z","labels":["Work"],"isCompleted":false,"createdAt":"2025-08-20T23:58:32.1663207+02:00","completedAt":null,"priority":0}
2025-08-20T23:58:32+02:00 | SET todo:91cd8d8e-2f46-470e-a597-7f645ec19430 {"id":"91cd8d8e-2f46-470e-a597-7f645ec19430","userId":"716263784481685535","description":"TODO","dueDate":"0001-01-01T00:00:00Z","labels":["Work"],"isCompleted":false,"createdAt":"2025-08-20T23:58:32.454835+02:00","completedAt":null,"priority":0}
2025-08-20T23:58:32+02:00 | SADD user:716263784481685535:todos 91cd8d8e-2f46-470e-a597-7f645ec19430
2025-08-20T23:58:32+02:00 | SET todo:21bb3fe8-8173-41bd-91e2-0a156c07b2d7 {"id":"21bb3fe8-8173-41bd-91e2-0a156c07b2d7","userId":"716263784481685535","description":"TODO","dueDate":"0001-01-01T00:00:00Z","labels":["Work"],"isCompleted":false,"createdAt":"2025-08-20T23:58:32.9734908+02:00","completedAt":null,"priority":0}
2025-08-20T23:58:33+02:00 | SET todo:972896a3-4084-4638-92db-061e8c19ff8b {"id":"972896a3-4084-4638-92db-061e8c19ff8b","userId":"716263784481685535","description":"TODO","dueDate":"0001-01-01T00:00:00Z","labels":["Work"],"isCompleted":false,"createdAt":"2025-08-20T23:58:33.6588961+02:00","completedAt":null,"priority":0}
2025-08-20T23:58:33+02:00 | SADD user:716263784481685535:todos 972896a3-4084-4638-92db-061e8c19ff8b
2025-08-20T23:58:34+02:00 | SET todo:19c57c02-a678-44c2-b28a-f60c8a52307e {"id":"19c57c02-a678-44c2-b28a-f60c8a52307e","userId":"716263784481685535","description":"TODO","dueDate":"0001-01-01T00:00:00Z","labels":["Work"],"isCompleted":false,"createdAt":"2025-08-20T23:58:34.4161603+02:00","completedAt":null,"priority":0}
2025-08-20T23:58:34+02:00 | SET todo:896fbf02-196d-49c1-b548-427cb8aa874d {"id":"896fbf02-196d-49c1-b548-427cb8aa874d","userId":"716263784481685535","description":"TODO","dueDate":"0001-01-01T00:00:00Z","labels":["Work"],"isCompleted":false,"createdAt":"2025-08-20T23:58:34.9123941+02:00","completedAt":null,"priority":0}
2025-08-20T23:58:34+02:00 | SADD user:716263784481685535:todos 896fbf02-196d-49c1-b548-427cb8aa874d
2025-08-20T23:58:35+02:00 | SET todo:b901fe9a-c7b4-4e78-8554-0d0ec45fa429 {"id":"b901fe9a-c7b4-4e78-8554-0d0ec45fa429","userId":"716263784481685535","description":"TODO","dueDate":"0001-01-01T00:00:00Z","labels":["Work"],"isCompleted":false,"createdAt":"2025-08-20T23:58:35.4861489+02:00","completedAt":null,"priority":0}
2025-08-20T23:58:36+02:00 | SET todo:03d88c55-e2a3-4f2a-8c45-38a9f375ba0a {"id":"03d88c55-e2a3-4f2a-8c45-38a9f375ba0a","userId":"716263784481685535","description":"TODO","dueDate":"0001-01-01T00:00:00Z","labels":["Work"],"isCompleted":false,"createdAt":"2025-08-20T23:58:36.5729047+02:00","completedAt":null,"priority":0}
2025-08-20T23:58:36+02:00 | SADD user:716263784481685535:todos 03d88c55-e2a3-4f2a-8c45-38a9f375ba0a
2025-08-20T23:58:37+02:00 | SET todo:b0cbdcc9-04d0-4ddc-9251-73bd97bb3bb9 {"id":"b0cbdcc9-04d0-4ddc-9251-73bd97bb3bb9","userId":"716263784481685535","description":"TODO","dueDate":"0001-01-01T00:00:00Z","labels":["Work"],"isCompleted":false,"createdAt":"2025-08-20T23:58:37.5298448+02:00","completedAt":null,"priority":0}
2025-08-20T23:58:38+02:00 | SET todo:256f6506-2ca8-41a7-9a14-53a8688189d0 {"id":"256f6506-2ca8-41a7-9a14-53a8688189d0","userId":"716263784481685535","description":"TODO","dueDate":"0001-01-01T00:00:00Z","labels":["Work"],"isCompleted":false,"createdAt":"2025-08-20T23:58:38.6055868+02:00","completedAt":null,"priority":0}
2025-08-20T23:58:38+02:00 | SADD user:716263784481685535:todos 256f6506-2ca8-41a7-9a14-53a8688189d0
2025-08-20T23:58:40+02:00 | SET todo:facc0c5f-4716-4e1c-baf2-c29d349c0378 {"id":"facc0c5f-4716-4e1c-baf2-c29d349c0378","userId":"716263784481685535","description":"TODO","dueDate":"0001-01-01T00:00:00Z","labels":["Work"],"isCompleted":false,"createdAt":"2025-08-20T23:58:40.2690108+02:00","completedAt":null,"priority":0}
2025-08-20T23:58:41+02:00 | SET todo:d6c2c85f-3b6e-4d1b-8fc9-457c7f557e48 {"id":"d6c2c85f-3b6e-4d1b-8fc9-457c7f557e48","userId":"716263784481685535","description":"TODO","dueDate":"0001-01-01T00:00:00Z","labels":["Work"],"isCompleted":false,"createdAt":"2025-08-20T23:58:41.0330736+02:00","completedAt":null,"priority":0}
2025-08-20T23:58:41+02:00 | SADD user:716263784481685535:todos d6c2c85f-3b6e-4d1b-8fc9-457c7f557e48
2025-08-20T23:58:42+02:00 | SMEMBERS user:716263784481685535:todos 
2025-08-20T23:58:42+02:00 | SMEMBERS user:716263784481685535:todos 
2025-08-20T23:58:43+02:00 | SMEMBERS user:716263784481685535:todos 
2025-08-20T23:58:43+02:00 | SMEMBERS user:716263784481685535:todos 
2025-08-20T23:58:43+02:00 | SMEMBERS user:716263784481685535:todos 
2025-08-20T23:58:43+02:00 | SMEMBERS user:716263784481685535:todos 
2025-08-20T23:58:44+02:00 | SMEMBERS user:716263784481685535:todos 
2025-08-20T23:58:44+02:00 | SMEMBERS user:716263784481685535:todos 
2025-08-20T23:58:44+02:00 | SMEMBERS user:716263784481685535:todos 
2025-08-20T23:58:44+02:00 | SMEMBERS user:716263784481685535:todos 
2025-08-20T23:58:44+02:00 | SMEMBERS user:716263784481685535:todos 
2025-08-20T23:58:44+02:00 | SMEMBERS user:716263784481685535:todos 
2025-08-20T23:58:44+02:00 | SMEMBERS user:716263784481685535:todos 
2025-08-20T23:58:45+02:00 | SMEMBERS user:716263784481685535:todos 
2025-08-20T23:58:45+02:00 | SMEMBERS user:716263784481685535:todos 
2025-08-20T23:58:52+02:00 | SMEMBERS user:716263784481685535:todos 
2025-08-20T23:58:52+02:00 | SMEMBERS user:716263784481685535:todos 
2025-08-20T23:58:53+02:00 | SMEMBERS user:716263784481685535:todos 
2025-08-21T00:07:33+02:00 | SMEMBERS user:716263784481685535:todos 
2025-08-21T00:07:33+02:00 | SMEMBERS user:716263784481685535:todos 
2025-08-21T00:07:36+02:00 | SREM user:716263784481685535:todos [d6c2c85f-3b6e-4d1b-8fc9-457c7f557e48]
2025-08-21T00:07:37+02:00 | SMEMBERS user:716263784481685535:todos 
2025-08-21T00:07:38+02:00 | SMEMBERS user:716263784481685535:todos 
2025-08-21T00:07:38+02:00 | SMEMBERS user:716263784481685535:todos 
2025-08-21T00:07:40+02:00 | SREM user:716263784481685535:todos [0aff58f0-909d-4ff3-b365-affe390347b7]
2025-08-21T00:07:41+02:00 | SMEMBERS user:716263784481685535:todos 
2025-08-21T00:07:41+02:00 | SMEMBERS user:716263784481685535:todos 
2025-08-21T00:07:41+02:00 | SMEMBERS user:716263784481685535:todos 
2025-08-21T00:09:01+02:00 | SMEMBERS user:716263784481685535:todos 
2025-08-21T00:09:02+02:00 | SREM user:716263784481685535:todos [91cd8d8e-2f46-470e-a597-7f645ec19430]
2025-08-21T00:09:04+02:00 | SMEMBERS user:716263784481685535:todos 
2025-08-21T00:09:04+02:00 | SMEMBERS user:716263784481685535:todos 
2025-08-21T00:09:05+02:00 | SMEMBERS user:716263784481685535:todos 
2025-08-21T00:09:05+02:00 | SMEMBERS user:716263784481685535:todos 
2025-08-21T00:09:28+02:00 | SREM user:716263784481685535:todos [43782d8b-9630-40f5-bec6-25e868c623eb]
2025-08-21T00:09:29+02:00 | SMEMBERS user:716263784481685535:todos 
2025-08-21T19:31:54+02:00 | SMEMBERS user:716263784481685535:todos 
2025-08-21T19:32:07+02:00 | SREM user:716263784481685535:todos [faad7ff3-50f1-4481-a7d4-8e05bf12e342]
2025-08-21T21:27:36+02:00 | SMEMBERS user:716263784481685535:todos 
2025-08-21T21:37:31+02:00 | SMEMBERS user:716263784481685535:todos 
2025-08-21T21:37:32+02:00 | SMEMBERS user:716263784481685535:todos 
2025-08-21T21:40:01+02:00 | SMEMBERS user:716263784481685535:todos 
2025-08-21T21:42:38+02:00 | SMEMBERS user:716263784481685535:todos 
2025-08-21T21:43:27+02:00 | SMEMBERS user:716263784481685535:todos 
2025-08-21T21:43:28+02:00 | SMEMBERS user:716263784481685535:todos 
2025-08-21T21:44:09+02:00 | SMEMBERS user:716263784481685535:todos 
2025-08-21T21:45:50+02:00 | SMEMBERS user:716263784481685535:todos 
2025-08-21T21:46:20+02:00 | SMEMBERS user:716263784481685535:todos 
2025-08-21T21:54:28+02:00 | SMEMBERS user:716263784481685535:todos 
2025-08-21T21:57:29+02:00 | SMEMBERS user:716263784481685535:todos 
2025-08-21T21:59:26+02:00 | SMEMBERS user:716263784481685535:todos 
2025-08-21T22:01:33+02:00 | SMEMBERS user:716263784481685535:todos 
2025-08-21T22:04:11+02:00 | SET todo:972896a3-4084-4638-92db-061e8c19ff8b {"id":"972896a3-4084-4638-92db-061e8c19ff8b","userId":"716263784481685535","description":"CREATE","dueDate":"0001-01-01T00:00:00Z","labels":["Work"],"isCompleted":false,"createdAt":"2025-08-20T23:58:33.6588961+02:00","completedAt":null,"priority":1}
2025-08-21T22:04:11+02:00 | SADD user:716263784481685535:todos 972896a3-4084-4638-92db-061e8c19ff8b
2025-08-21T22:04:14+02:00 | SMEMBERS user:716263784481685535:todos 
2025-08-21T22:04:27+02:00 | SET todo:d6c2c85f-3b6e-4d1b-8fc9-457c7f557e48 {"id":"d6c2c85f-3b6e-4d1b-8fc9-457c7f557e48","userId":"716263784481685535","description":"UPDATED","dueDate":"0001-01-01T00:00:00Z","labels":["Work"],"isCompleted":false,"createdAt":"2025-08-20T23:58:41.0330736+02:00","completedAt":null,"priority":1}
2025-08-21T22:04:27+02:00 | SADD user:716263784481685535:todos d6c2c85f-3b6e-4d1b-8fc9-457c7f557e48
2025-08-21T22:04:30+02:00 | SMEMBERS user:716263784481685535:todos 
2025-08-21T22:04:40+02:00 | SET todo:d6c2c85f-3b6e-4d1b-8fc9-457c7f557e48 {"id":"d6c2c85f-3b6e-4d1b-8fc9-457c7f557e48","userId":"716263784481685535","description":"UPDATED","dueDate":"0001-01-01T00:00:00Z","labels":["Work"],"isCompleted":false,"createdAt":"2025-08-20T23:58:41.0330736+02:00","completedAt":null,"priority":3}
2025-08-21T22:04:40+02:00 | SADD user:716263784481685535:todos d6c2c85f-3b6e-4d1b-8fc9-457c7f557e48
2025-08-21T22:04:42+02:00 | SMEMBERS user:716263784481685535:todos 
2025-08-21T22:07:03+02:00 | SMEMBERS user:716263784481685535:todos 
2025-08-21T22:07:07+02:00 | SMEMBERS user:716263784481685535:todos 
2025-08-21T22:07:22+02:00 | SMEMBERS user:716263784481685535:todos 
2025-08-21T22:07:26+02:00 | SMEMBERS user:716263784481685535:todos 
2025-08-21T22:07:36+02:00 | SMEMBERS user:716263784481685535:todos 
2025-08-21T22:08:17+02:00 | SMEMBERS user:716263784481685535:todos 
2025-08-21T22:08:20+02:00 | SMEMBERS user:716263784481685535:todos 
2025-08-21T22:10:32+02:00 | SMEMBERS user:716263784481685535:todos 
2025-08-21T22:10:40+02:00 | SMEMBERS user:716263784481685535:todos 
2025-08-21T22:11:03+02:00 | SMEMBERS user:716263784481685535:todos 
2025-08-21T22:11:09+02:00 | SET todo:91cd8d8e-2f46-470e-a597-7f645ec19430 {"id":"91cd8d8e-2f46-470e-a597-7f645ec19430","userId":"716263784481685535","description":"EDIT","dueDate":"0001-01-01T00:00:00Z","labels":["Work"],"isCompleted":false,"createdAt":"2025-08-20T23:58:32.454835+02:00","completedAt":null,"priority":1}
2025-08-21T22:11:09+02:00 | SADD user:716263784481685535:todos 91cd8d8e-2f46-470e-a597-7f645ec19430
2025-08-21T22:11:13+02:00 | SMEMBERS user:716263784481685535:todos 
2025-08-21T22:11:22+02:00 | SET todo:0aff58f0-909d-4ff3-b365-affe390347b7 {"id":"0aff58f0-909d-4ff3-b365-affe390347b7","userId":"716263784481685535","description":"test","dueDate":"2025-08-21T00:00:00Z","labels":["Work,Updated"],"isCompleted":false,"createdAt":"2025-08-17T21:33:08.0406808+02:00","completedAt":null,"priority":1}
2025-08-21T22:11:22+02:00 | SADD user:716263784481685535:todos 0aff58f0-909d-4ff3-b365-affe390347b7
2025-08-21T22:11:24+02:00 | SMEMBERS user:716263784481685535:todos 
2025-08-21T22:16:19+02:00 | SMEMBERS user:716263784481685535:todos 
2025-08-21T22:18:25+02:00 | SMEMBERS user:716263784481685535:todos 
2025-08-21T22:18:33+02:00 | SET todo:43782d8b-9630-40f5-bec6-25e868c623eb {"id":"43782d8b-9630-40f5-bec6-25e868c623eb","userId":"716263784481685535","description":"Not test","dueDate":"2025-08-28T00:00:00Z","labels":["Work"],"isCompleted":false,"createdAt":"2025-08-19T20:33:05.6170423+02:00","completedAt":null,"priority":1}
2025-08-21T22:18:33+02:00 | SADD user:716263784481685535:todos 43782d8b-9630-40f5-bec6-25e868c623eb
2025-08-21T22:18:40+02:00 | SET todo:896fbf02-196d-49c1-b548-427cb8aa874d {"id":"896fbf02-196d-49c1-b548-427cb8aa874d","userId":"716263784481685535","description":"TODOING","dueDate":"0001-01-01T00:00:00Z","labels":["Work"],"isCompleted":false,"createdAt":"2025-08-20T23:58:34.9123941+02:00","completedAt":null,"priority":1}
2025-08-21T22:18:40+02:00 | SADD user:716263784481685535:todos 896fbf02-196d-49c1-b548-427cb8aa874d
2025-08-21T22:18:43+02:00 | SET todo:256f6506-2ca8-41a7-9a14-53a8688189d0 {"id":"256f6506-2ca8-41a7-9a14-53a8688189d0","userId":"716263784481685535","description":"AHH","dueDate":"0001-01-01T00:00:00Z","labels":["Work"],"isCompleted":false,"createdAt":"2025-08-20T23:58:38.6055868+02:00","completedAt":null,"priority":1}
2025-08-21T22:18:43+02:00 | SADD user:716263784481685535:todos 256f6506-2ca8-41a7-9a14-53a8688189d0
2025-08-21T22:19:54+02:00 | SMEMBERS user:716263784481685535:todos 
2025-08-21T22:19:57+02:00 | SET todo:0aff58f0-909d-4ff3-b365-affe390347b7 {"id":"0aff58f0-909d-4ff3-b365-affe390347b7","userId":"716263784481685535","description":"test","dueDate":"2025-08-21T00:00:00Z","labels":["Work,Updated"],"isCompleted":false,"createdAt":"2025-08-17T21:33:08.0406808+02:00","completedAt":null,"priority":1}
2025-08-21T22:19:57+02:00 | SADD user:716263784481685535:todos 0aff58f0-909d-4ff3-b365-affe390347b7
2025-08-21T22:20:03+02:00 | SMEMBERS user:716263784481685535:todos 
2025-08-21T22:21:32+02:00 | SMEMBERS user:716263784481685535:todos 
2025-08-21T22:21:42+02:00 | SET todo:0aff58f0-909d-4ff3-b365-affe390347b7 {"id":"0aff58f0-909d-4ff3-b365-affe390347b7","userId":"716263784481685535","description":"test","dueDate":"2025-08-21T00:00:00Z","labels":["Work"],"isCompleted":false,"createdAt":"2025-08-17T21:33:08.0406808+02:00","completedAt":null,"priority":1}
2025-08-21T22:21:42+02:00 | SADD user:716263784481685535:todos 0aff58f0-909d-4ff3-b365-affe390347b7
2025-08-21T22:23:49+02:00 | SMEMBERS user:716263784481685535:todos 
2025-08-21T22:23:54+02:00 | SET todo:0aff58f0-909d-4ff3-b365-affe390347b7 {"id":"0aff58f0-909d-4ff3-b365-affe390347b7","userId":"716263784481685535","description":"not testing","dueDate":"2025-08-21T00:00:00Z","labels":["Work"],"isCompleted":false,"createdAt":"2025-08-17T21:33:08.0406808+02:00","completedAt":null,"priority":1}
2025-08-21T22:23:54+02:00 | SADD user:716263784481685535:todos 0aff58f0-909d-4ff3-b365-affe390347b7
2025-08-21T22:23:56+02:00 | SET todo:0aff58f0-909d-4ff3-b365-affe390347b7 {"id":"0aff58f0-909d-4ff3-b365-affe390347b7","userId":"716263784481685535","description":"not testing","dueDate":"2025-08-21T00:00:00Z","labels":["Work"],"isCompleted":false,"createdAt":"2025-08-17T21:33:08.0406808+02:00","completedAt":null,"priority":1}
2025-08-21T22:23:56+02:00 | SADD user:716263784481685535:todos 0aff58f0-909d-4ff3-b365-affe390347b7
2025-08-21T22:23:56+02:00 | SET todo:0aff58f0-909d-4ff3-b365-affe390347b7 {"id":"0aff58f0-909d-4ff3-b365-affe390347b7","userId":"716263784481685535","description":"not testing","dueDate":"2025-08-21T00:00:00Z","labels":["Work"],"isCompleted":false,"createdAt":"2025-08-17T21:33:08.0406808+02:00","completedAt":null,"priority":1}
2025-08-21T22:23:56+02:00 | SADD user:716263784481685535:todos 0aff58f0-909d-4ff3-b365-affe390347b7
2025-08-21T22:23:57+02:00 | SET todo:0aff58f0-909d-4ff3-b365-affe390347b7 {"id":"0aff58f0-909d-4ff3-b365-affe390347b7","userId":"716263784481685535","description":"not testing","dueDate":"2025-08-21T00:00:00Z","labels":["Work"],"isCompleted":false,"createdAt":"2025-08-17T21:33:08.0406808+02:00","completedAt":null,"priority":1}
2025-08-21T22:23:57+02:00 | SADD user:716263784481685535:todos 0aff58f0-909d-4ff3-b365-affe390347b7
2025-08-21T22:23:57+02:00 | SET todo:0aff58f0-909d-4ff3-b365-affe390347b7 {"id":"0aff58f0-909d-4ff3-b365-affe390347b7","userId":"716263784481685535","description":"not testing","dueDate":"2025-08-21T00:00:00Z","labels":["Work"],"isCompleted":false,"createdAt":"2025-08-17T21:33:08.0406808+02:00","completedAt":null,"priority":1}
2025-08-21T22:23:57+02:00 | SADD user:716263784481685535:todos 0aff58f0-909d-4ff3-b365-affe390347b7
2025-08-21T22:24:06+02:00 | SET todo:0aff58f0-909d-4ff3-b365-affe390347b7 {"id":"0aff58f0-909d-4ff3-b365-affe390347b7","userId":"716263784481685535","description":"not testing","dueDate":"2025-08-21T00:00:00Z","labels":["Work"],"isCompleted":false,"createdAt":"2025-08-17T21:33:08.0406808+02:00","completedAt":null,"priority":1}
2025-08-21T22:24:06+02:00 | SADD user:716263784481685535:todos 0aff58f0-909d-4ff3-b365-affe390347b7
2025-08-21T22:24:09+02:00 | SMEMBERS user:716263784481685535:todos 
2025-08-21T22:26:03+02:00 | SMEMBERS user:716263784481685535:todos 
2025-08-21T22:26:07+02:00 | SET todo:972896a3-4084-4638-92db-061e8c19ff8b {"id":"972896a3-4084-4638-92db-061e8c19ff8b","userId":"716263784481685535","description":"CREATE TODO","dueDate":"0001-01-01T00:00:00Z","labels":["Work"],"isCompleted":false,"createdAt":"2025-08-20T23:58:33.6588961+02:00","completedAt":null,"priority":1}
2025-08-21T22:26:07+02:00 | SADD user:716263784481685535:todos 972896a3-4084-4638-92db-061e8c19ff8b
2025-08-21T22:26:12+02:00 | SET todo:972896a3-4084-4638-92db-061e8c19ff8b {"id":"972896a3-4084-4638-92db-061e8c19ff8b","userId":"716263784481685535","description":"CREATE TODO","dueDate":"0001-01-01T00:00:00Z","labels":["Work"],"isCompleted":false,"createdAt":"2025-08-20T23:58:33.6588961+02:00","completedAt":null,"priority":1}
2025-08-21T22:26:12+02:00 | SADD user:716263784481685535:todos 972896a3-4084-4638-92db-061e8c19ff8b
2025-08-21T22:27:48+02:00 | SMEMBERS user:716263784481685535:todos 
2025-08-21T22:28:55+02:00 | SMEMBERS user:716263784481685535:todos 
2025-08-21T22:29:24+02:00 | SMEMBERS user:716263784481685535:todos 
2025-08-21T22:29:25+02:00 | SMEMBERS user:716263784481685535:todos 
2025-08-21T22:29:54+02:00 | SMEMBERS user:716263784481685535:todos 
2025-08-21T22:30:28+02:00 | SMEMBERS user:716263784481685535:todos 
